<?xml version="1.0" encoding="UTF-8"?>
<testsuite name="com.bigcat.BikeRentalTest" tests="4" skipped="0" failures="0" errors="0" timestamp="2020-11-14T17:44:53" hostname="DESKTOP-9K46OJD" time="0.644">
  <properties/>
  <testcase name="getsAllRents" classname="com.bigcat.BikeRentalTest" time="0.489"/>
  <testcase name="getsSingleRent" classname="com.bigcat.BikeRentalTest" time="0.042"/>
  <testcase name="returnsNotFoundForInvalidSingleRent" classname="com.bigcat.BikeRentalTest" time="0.016"/>
  <testcase name="addsNewRent" classname="com.bigcat.BikeRentalTest" time="0.092"/>
  <system-out><![CDATA[01:44:48.259 [Test worker] DEBUG org.springframework.test.annotation.ProfileValueUtils - Retrieved @ProfileValueSourceConfiguration [null] for test class [com.bigcat.BikeRentalTest]
01:44:48.260 [Test worker] DEBUG org.springframework.test.annotation.ProfileValueUtils - Retrieved ProfileValueSource type [class org.springframework.test.annotation.SystemProfileValueSource] for class [com.bigcat.BikeRentalTest]
01:44:48.261 [Test worker] DEBUG org.springframework.test.annotation.ProfileValueUtils - Retrieved @ProfileValueSourceConfiguration [null] for test class [com.bigcat.BikeRentalTest]
01:44:48.261 [Test worker] DEBUG org.springframework.test.annotation.ProfileValueUtils - Retrieved ProfileValueSource type [class org.springframework.test.annotation.SystemProfileValueSource] for class [com.bigcat.BikeRentalTest]
01:44:48.272 [Test worker] DEBUG org.springframework.test.context.support.AbstractDirtiesContextTestExecutionListener - Before test class: context [DefaultTestContext@32301955 testClass = BikeRentalTest, testInstance = [null], testMethod = [null], testException = [null], mergedContextConfiguration = [WebMergedContextConfiguration@6b80a3af testClass = BikeRentalTest, locations = '{}', classes = '{class com.bigcat.BikeRentalApp}', contextInitializerClasses = '[]', activeProfiles = '{}', propertySourceLocations = '{}', propertySourceProperties = '{org.springframework.boot.test.context.SpringBootTestContextBootstrapper=true}', contextCustomizers = set[org.springframework.boot.test.autoconfigure.properties.PropertyMappingContextCustomizer@4b3fa0b3, org.springframework.boot.test.autoconfigure.web.servlet.WebDriverContextCustomizerFactory$Customizer@213789d6, [ImportsContextCustomizer@bd3398d key = [org.springframework.boot.test.autoconfigure.web.servlet.MockMvcAutoConfiguration, org.springframework.boot.test.autoconfigure.web.servlet.MockMvcWebClientAutoConfiguration, org.springframework.boot.test.autoconfigure.web.servlet.MockMvcWebDriverAutoConfiguration, org.springframework.boot.autoconfigure.security.oauth2.client.servlet.OAuth2ClientAutoConfiguration, org.springframework.boot.autoconfigure.security.oauth2.resource.servlet.OAuth2ResourceServerAutoConfiguration, org.springframework.boot.autoconfigure.security.servlet.SecurityAutoConfiguration, org.springframework.boot.autoconfigure.security.servlet.SecurityFilterAutoConfiguration, org.springframework.boot.autoconfigure.security.servlet.UserDetailsServiceAutoConfiguration, org.springframework.boot.test.autoconfigure.web.servlet.MockMvcSecurityConfiguration]], org.springframework.boot.test.context.filter.ExcludeFilterContextCustomizer@1cda9ea8, org.springframework.boot.test.json.DuplicateJsonObjectContextCustomizerFactory$DuplicateJsonObjectContextCustomizer@9eb2f37, org.springframework.boot.test.mock.mockito.MockitoContextCustomizer@0, org.springframework.boot.test.web.client.TestRestTemplateContextCustomizer@4e57942e, org.springframework.boot.test.context.SpringBootTestArgs@1], resourceBasePath = 'src/main/webapp', contextLoader = 'org.springframework.boot.test.context.SpringBootContextLoader', parent = [null]], attributes = map['org.springframework.test.context.web.ServletTestExecutionListener.activateListener' -> true]], class annotated with @DirtiesContext [false] with mode [null].
01:44:48.275 [Test worker] DEBUG org.springframework.test.annotation.ProfileValueUtils - Retrieved @ProfileValueSourceConfiguration [null] for test class [com.bigcat.BikeRentalTest]
01:44:48.275 [Test worker] DEBUG org.springframework.test.annotation.ProfileValueUtils - Retrieved ProfileValueSource type [class org.springframework.test.annotation.SystemProfileValueSource] for class [com.bigcat.BikeRentalTest]
01:44:48.302 [Test worker] DEBUG org.springframework.test.context.support.TestPropertySourceUtils - Adding inlined properties to environment: {spring.jmx.enabled=false, org.springframework.boot.test.context.SpringBootTestContextBootstrapper=true}

  .   ____          _            __ _ _
 /\\ / ___'_ __ _ _(_)_ __  __ _ \ \ \ \
( ( )\___ | '_ | '_| | '_ \/ _` | \ \ \ \
 \\/  ___)| |_)| | | | | || (_| |  ) ) ) )
  '  |____| .__|_| |_|_| |_\__, | / / / /
 =========|_|==============|___/=/_/_/_/
 :: Spring Boot ::        (v2.3.4.RELEASE)

2020-11-15 01:44:48.612  INFO 18304 --- [    Test worker] com.bigcat.BikeRentalTest                : Starting BikeRentalTest on DESKTOP-9K46OJD with PID 18304 (started by 63956 in D:\OneDrive\Documents\Eclipse\sprint-boot-api-bikerental)
2020-11-15 01:44:48.615  INFO 18304 --- [    Test worker] com.bigcat.BikeRentalTest                : No active profile set, falling back to default profiles: default
2020-11-15 01:44:49.745  INFO 18304 --- [    Test worker] .s.d.r.c.RepositoryConfigurationDelegate : Bootstrapping Spring Data JPA repositories in DEFERRED mode.
2020-11-15 01:44:49.835  INFO 18304 --- [    Test worker] .s.d.r.c.RepositoryConfigurationDelegate : Finished Spring Data repository scanning in 76ms. Found 1 JPA repository interfaces.
2020-11-15 01:44:50.495  INFO 18304 --- [    Test worker] o.s.s.concurrent.ThreadPoolTaskExecutor  : Initializing ExecutorService 'applicationTaskExecutor'
2020-11-15 01:44:50.515  INFO 18304 --- [    Test worker] com.zaxxer.hikari.HikariDataSource       : HikariPool-1 - Starting...
2020-11-15 01:44:50.727  INFO 18304 --- [    Test worker] com.zaxxer.hikari.HikariDataSource       : HikariPool-1 - Start completed.
2020-11-15 01:44:50.831  INFO 18304 --- [         task-1] o.hibernate.jpa.internal.util.LogHelper  : HHH000204: Processing PersistenceUnitInfo [name: default]
2020-11-15 01:44:50.911  INFO 18304 --- [         task-1] org.hibernate.Version                    : HHH000412: Hibernate ORM core version 5.4.21.Final
2020-11-15 01:44:51.152  INFO 18304 --- [         task-1] o.hibernate.annotations.common.Version   : HCANN000001: Hibernate Commons Annotations {5.1.0.Final}
2020-11-15 01:44:51.182  WARN 18304 --- [    Test worker] JpaBaseConfiguration$JpaWebConfiguration : spring.jpa.open-in-view is enabled by default. Therefore, database queries may be performed during view rendering. Explicitly configure spring.jpa.open-in-view to disable this warning
2020-11-15 01:44:51.349  INFO 18304 --- [         task-1] org.hibernate.dialect.Dialect            : HHH000400: Using dialect: org.hibernate.dialect.H2Dialect
2020-11-15 01:44:52.311  INFO 18304 --- [         task-1] o.h.e.t.j.p.i.JtaPlatformInitiator       : HHH000490: Using JtaPlatform implementation: [org.hibernate.engine.transaction.jta.platform.internal.NoJtaPlatform]
2020-11-15 01:44:52.321  INFO 18304 --- [         task-1] j.LocalContainerEntityManagerFactoryBean : Initialized JPA EntityManagerFactory for persistence unit 'default'
2020-11-15 01:44:52.484  INFO 18304 --- [    Test worker] o.s.b.t.m.w.SpringBootMockServletContext : Initializing Spring TestDispatcherServlet ''
2020-11-15 01:44:52.484  INFO 18304 --- [    Test worker] o.s.t.web.servlet.TestDispatcherServlet  : Initializing Servlet ''
2020-11-15 01:44:52.504  INFO 18304 --- [    Test worker] o.s.b.a.e.web.EndpointLinksResolver      : Exposing 2 endpoint(s) beneath base path '/actuator'
2020-11-15 01:44:52.549  INFO 18304 --- [    Test worker] o.s.t.web.servlet.TestDispatcherServlet  : Completed initialization in 65 ms
2020-11-15 01:44:52.578  INFO 18304 --- [    Test worker] DeferredRepositoryInitializationListener : Triggering deferred initialization of Spring Data repositories…
2020-11-15 01:44:52.927  INFO 18304 --- [    Test worker] DeferredRepositoryInitializationListener : Spring Data repositories initialized!
2020-11-15 01:44:52.943  INFO 18304 --- [    Test worker] com.bigcat.BikeRentalTest                : Started BikeRentalTest in 4.631 seconds (JVM running for 6.179)
]]></system-out>
  <system-err><![CDATA[]]></system-err>
</testsuite>
