<?xml version="1.0" encoding="UTF-8"?>
<testsuite name="com.bigcat.BikeRentalTest" tests="1" skipped="0" failures="0" errors="0" timestamp="2020-11-19T08:02:46" hostname="DESKTOP-9K46OJD" time="0.744">
  <properties/>
  <testcase name="login" classname="com.bigcat.BikeRentalTest" time="0.744"/>
  <system-out><![CDATA[16:02:36.647 [Test worker] DEBUG org.springframework.test.annotation.ProfileValueUtils - Retrieved @ProfileValueSourceConfiguration [null] for test class [com.bigcat.BikeRentalTest]
16:02:36.647 [Test worker] DEBUG org.springframework.test.annotation.ProfileValueUtils - Retrieved ProfileValueSource type [class org.springframework.test.annotation.SystemProfileValueSource] for class [com.bigcat.BikeRentalTest]
16:02:36.649 [Test worker] DEBUG org.springframework.test.annotation.ProfileValueUtils - Retrieved @ProfileValueSourceConfiguration [null] for test class [com.bigcat.BikeRentalTest]
16:02:36.649 [Test worker] DEBUG org.springframework.test.annotation.ProfileValueUtils - Retrieved ProfileValueSource type [class org.springframework.test.annotation.SystemProfileValueSource] for class [com.bigcat.BikeRentalTest]
16:02:36.657 [Test worker] DEBUG org.springframework.test.context.support.AbstractDirtiesContextTestExecutionListener - Before test class: context [DefaultTestContext@8c298c testClass = BikeRentalTest, testInstance = [null], testMethod = [null], testException = [null], mergedContextConfiguration = [WebMergedContextConfiguration@a199e12 testClass = BikeRentalTest, locations = '{}', classes = '{class com.bigcat.BikeRentalApp}', contextInitializerClasses = '[]', activeProfiles = '{}', propertySourceLocations = '{}', propertySourceProperties = '{org.springframework.boot.test.context.SpringBootTestContextBootstrapper=true}', contextCustomizers = set[org.springframework.boot.test.autoconfigure.properties.PropertyMappingContextCustomizer@4b3fa0b3, org.springframework.boot.test.autoconfigure.web.servlet.WebDriverContextCustomizerFactory$Customizer@4e96c980, [ImportsContextCustomizer@24295fdf key = [org.springframework.boot.test.autoconfigure.web.servlet.MockMvcAutoConfiguration, org.springframework.boot.test.autoconfigure.web.servlet.MockMvcWebClientAutoConfiguration, org.springframework.boot.test.autoconfigure.web.servlet.MockMvcWebDriverAutoConfiguration, org.springframework.boot.autoconfigure.security.oauth2.client.servlet.OAuth2ClientAutoConfiguration, org.springframework.boot.autoconfigure.security.oauth2.resource.servlet.OAuth2ResourceServerAutoConfiguration, org.springframework.boot.autoconfigure.security.servlet.SecurityAutoConfiguration, org.springframework.boot.autoconfigure.security.servlet.SecurityFilterAutoConfiguration, org.springframework.boot.autoconfigure.security.servlet.UserDetailsServiceAutoConfiguration, org.springframework.boot.test.autoconfigure.web.servlet.MockMvcSecurityConfiguration]], org.springframework.boot.test.context.filter.ExcludeFilterContextCustomizer@4997f1b3, org.springframework.boot.test.json.DuplicateJsonObjectContextCustomizerFactory$DuplicateJsonObjectContextCustomizer@e26492b, org.springframework.boot.test.mock.mockito.MockitoContextCustomizer@0, org.springframework.boot.test.web.client.TestRestTemplateContextCustomizer@78d6e99a, org.springframework.boot.test.context.SpringBootTestArgs@1], resourceBasePath = 'src/main/webapp', contextLoader = 'org.springframework.boot.test.context.SpringBootContextLoader', parent = [null]], attributes = map['org.springframework.test.context.web.ServletTestExecutionListener.activateListener' -> true]], class annotated with @DirtiesContext [false] with mode [null].
16:02:36.660 [Test worker] DEBUG org.springframework.test.annotation.ProfileValueUtils - Retrieved @ProfileValueSourceConfiguration [null] for test class [com.bigcat.BikeRentalTest]
16:02:36.660 [Test worker] DEBUG org.springframework.test.annotation.ProfileValueUtils - Retrieved ProfileValueSource type [class org.springframework.test.annotation.SystemProfileValueSource] for class [com.bigcat.BikeRentalTest]
16:02:36.690 [Test worker] DEBUG org.springframework.test.context.support.TestPropertySourceUtils - Adding inlined properties to environment: {spring.jmx.enabled=false, org.springframework.boot.test.context.SpringBootTestContextBootstrapper=true}

  .   ____          _            __ _ _
 /\\ / ___'_ __ _ _(_)_ __  __ _ \ \ \ \
( ( )\___ | '_ | '_| | '_ \/ _` | \ \ \ \
 \\/  ___)| |_)| | | | | || (_| |  ) ) ) )
  '  |____| .__|_| |_|_| |_\__, | / / / /
 =========|_|==============|___/=/_/_/_/
 :: Spring Boot ::        (v2.3.4.RELEASE)

2020-11-19 16:02:37.027  INFO 12196 --- [    Test worker] com.bigcat.BikeRentalTest                : Starting BikeRentalTest on DESKTOP-9K46OJD with PID 12196 (started by 63956 in D:\OneDrive\Documents\Eclipse\sprint-boot-api-bikerental)
2020-11-19 16:02:37.029  INFO 12196 --- [    Test worker] com.bigcat.BikeRentalTest                : No active profile set, falling back to default profiles: default
2020-11-19 16:02:38.362  INFO 12196 --- [    Test worker] .s.d.r.c.RepositoryConfigurationDelegate : Bootstrapping Spring Data JPA repositories in DEFERRED mode.
2020-11-19 16:02:38.452  INFO 12196 --- [    Test worker] .s.d.r.c.RepositoryConfigurationDelegate : Finished Spring Data repository scanning in 78ms. Found 2 JPA repository interfaces.
2020-11-19 16:02:39.216  INFO 12196 --- [    Test worker] o.s.s.concurrent.ThreadPoolTaskExecutor  : Initializing ExecutorService 'applicationTaskExecutor'
2020-11-19 16:02:39.305  INFO 12196 --- [         task-1] o.hibernate.jpa.internal.util.LogHelper  : HHH000204: Processing PersistenceUnitInfo [name: default]
2020-11-19 16:02:39.425  INFO 12196 --- [         task-1] org.hibernate.Version                    : HHH000412: Hibernate ORM core version 5.4.21.Final
2020-11-19 16:02:39.466  WARN 12196 --- [    Test worker] JpaBaseConfiguration$JpaWebConfiguration : spring.jpa.open-in-view is enabled by default. Therefore, database queries may be performed during view rendering. Explicitly configure spring.jpa.open-in-view to disable this warning
2020-11-19 16:02:39.692  INFO 12196 --- [         task-1] o.hibernate.annotations.common.Version   : HCANN000001: Hibernate Commons Annotations {5.1.0.Final}
2020-11-19 16:02:39.889  INFO 12196 --- [         task-1] com.zaxxer.hikari.HikariDataSource       : HikariPool-1 - Starting...
2020-11-19 16:02:40.080  INFO 12196 --- [    Test worker] o.s.s.web.DefaultSecurityFilterChain     : Creating filter chain: any request, [org.springframework.security.web.context.request.async.WebAsyncManagerIntegrationFilter@28c5556, org.springframework.security.web.context.SecurityContextPersistenceFilter@5fe7d7, org.springframework.security.web.header.HeaderWriterFilter@183d234d, org.springframework.web.filter.CorsFilter@57b8ab80, org.springframework.security.web.authentication.logout.LogoutFilter@6206e6ab, com.bigcat.security.JWTAuthenticationFilter@34d7889f, com.bigcat.security.JWTAuthorizationFilter@a8b413f, org.springframework.security.web.savedrequest.RequestCacheAwareFilter@7658c012, org.springframework.security.web.servletapi.SecurityContextHolderAwareRequestFilter@574d577, org.springframework.security.web.authentication.AnonymousAuthenticationFilter@6acd93dd, org.springframework.security.web.session.SessionManagementFilter@2644f253, org.springframework.security.web.access.ExceptionTranslationFilter@2e39eb, org.springframework.security.web.access.intercept.FilterSecurityInterceptor@28c753a5]
2020-11-19 16:02:41.512  INFO 12196 --- [         task-1] com.zaxxer.hikari.HikariDataSource       : HikariPool-1 - Start completed.
2020-11-19 16:02:41.532  INFO 12196 --- [         task-1] org.hibernate.dialect.Dialect            : HHH000400: Using dialect: org.hibernate.dialect.MySQL5InnoDBDialect
2020-11-19 16:02:42.687  INFO 12196 --- [         task-1] o.h.e.t.j.p.i.JtaPlatformInitiator       : HHH000490: Using JtaPlatform implementation: [org.hibernate.engine.transaction.jta.platform.internal.NoJtaPlatform]
2020-11-19 16:02:42.706  INFO 12196 --- [         task-1] j.LocalContainerEntityManagerFactoryBean : Initialized JPA EntityManagerFactory for persistence unit 'default'
2020-11-19 16:02:44.132  INFO 12196 --- [    Test worker] o.s.b.t.m.w.SpringBootMockServletContext : Initializing Spring TestDispatcherServlet ''
2020-11-19 16:02:44.133  INFO 12196 --- [    Test worker] o.s.t.web.servlet.TestDispatcherServlet  : Initializing Servlet ''
2020-11-19 16:02:44.155  INFO 12196 --- [    Test worker] o.s.b.a.e.web.EndpointLinksResolver      : Exposing 2 endpoint(s) beneath base path '/actuator'
2020-11-19 16:02:44.204  INFO 12196 --- [    Test worker] o.s.t.web.servlet.TestDispatcherServlet  : Completed initialization in 71 ms
2020-11-19 16:02:44.243  INFO 12196 --- [    Test worker] DeferredRepositoryInitializationListener : Triggering deferred initialization of Spring Data repositories…
2020-11-19 16:02:44.636  INFO 12196 --- [    Test worker] DeferredRepositoryInitializationListener : Spring Data repositories initialized!
2020-11-19 16:02:44.653  INFO 12196 --- [    Test worker] com.bigcat.BikeRentalTest                : Started BikeRentalTest in 7.951 seconds (JVM running for 9.755)
]]></system-out>
  <system-err><![CDATA[]]></system-err>
</testsuite>
